timestamp: 2015-01-08T03:49:06.896000
CREATE TABLE auth_user(
    id INTEGER PRIMARY KEY AUTOINCREMENT,
    first_name CHAR(128),
    last_name CHAR(128),
    email CHAR(512),
    password CHAR(512),
    registration_key CHAR(512),
    reset_password_key CHAR(512),
    registration_id CHAR(512)
);
success!
timestamp: 2015-01-08T03:49:07.196000
CREATE TABLE auth_group(
    id INTEGER PRIMARY KEY AUTOINCREMENT,
    role CHAR(512),
    description TEXT
);
success!
timestamp: 2015-01-08T03:49:07.294000
CREATE TABLE auth_membership(
    id INTEGER PRIMARY KEY AUTOINCREMENT,
    user_id INTEGER REFERENCES auth_user (id) ON DELETE CASCADE,
    group_id INTEGER REFERENCES auth_group (id) ON DELETE CASCADE
);
success!
timestamp: 2015-01-08T03:49:07.386000
CREATE TABLE auth_permission(
    id INTEGER PRIMARY KEY AUTOINCREMENT,
    group_id INTEGER REFERENCES auth_group (id) ON DELETE CASCADE,
    name CHAR(512),
    table_name CHAR(512),
    record_id INTEGER
);
success!
timestamp: 2015-01-08T03:49:07.494000
CREATE TABLE auth_event(
    id INTEGER PRIMARY KEY AUTOINCREMENT,
    time_stamp TIMESTAMP,
    client_ip CHAR(512),
    user_id INTEGER REFERENCES auth_user (id) ON DELETE CASCADE,
    origin CHAR(512),
    description TEXT
);
success!
timestamp: 2015-01-08T03:49:07.619000
CREATE TABLE auth_cas(
    id INTEGER PRIMARY KEY AUTOINCREMENT,
    user_id INTEGER REFERENCES auth_user (id) ON DELETE CASCADE,
    created_on TIMESTAMP,
    service CHAR(512),
    ticket CHAR(512),
    renew CHAR(1)
);
success!
timestamp: 2015-01-08T03:51:52.804000
CREATE TABLE Books(
    id INTEGER PRIMARY KEY AUTOINCREMENT,
    Book_id INTEGER,
    Book_Name CHAR(512),
    Book_Availability CHAR(512),
    Book_copies INTEGER,
    Book_author CHAR(512)
);
success!
timestamp: 2015-01-08T03:51:52.936000
CREATE TABLE Issued(
    id INTEGER PRIMARY KEY AUTOINCREMENT,
    Book_id INTEGER,
    Book_Name CHAR(512),
    Student_Name CHAR(512),
    Student_Email CHAR(512),
    Student_Contact_No CHAR(512),
    Issued_Date TIMESTAMP,
    Submission_Date TIMESTAMP
);
success!
