[2015-01-08 03:20:00] START
[2015-01-08 03:22:39] CREATE db_portal.py: 0
[2015-01-08 03:31:22] EDIT Books_portal/models/db_portal.py: 5
[2015-01-08 03:39:35] EDIT Books_portal/models/db_portal.py: 9
[2015-01-08 03:40:53] EDIT Books_portal/models/db_portal.py: 0
[2015-01-08 03:48:42] EDIT Books_portal/controllers/default.py: 3
[2015-01-08 03:49:02] EDIT Books_portal/controllers/default.py: 0
[2015-01-08 03:50:15] EDIT Books_portal/controllers/default.py: 0
[2015-01-08 03:51:46] EDIT Books_portal/models/db_portal.py: 0
[2015-01-08 03:56:59] EDIT Books_portal/controllers/default.py: 2
[2015-01-08 04:19:20] EDIT Books_portal/controllers/default.py: -1
[2015-01-08 04:26:17] EDIT Books_portal/models/db_portal.py: 0
[2015-01-08 04:33:46] EDIT Books_portal/controllers/default.py: -5
[2015-01-08 04:34:58] EDIT Books_portal/controllers/default.py: 0
[2015-01-08 04:36:08] EDIT Books_portal/controllers/default.py: 0
[2015-01-08 04:38:30] EDIT Books_portal/controllers/default.py: 2
[2015-01-08 04:38:45] EDIT Books_portal/controllers/default.py: 0
[2015-01-08 04:41:10] EDIT Books_portal/controllers/default.py: -1
[2015-01-08 04:46:45] EDIT Books_portal/controllers/default.py: 0
[2015-01-08 04:50:52] EDIT Books_portal/models/db_portal.py: 0
[2015-01-08 04:54:09] EDIT Books_portal/views/default/index.html: -30
[2015-01-08 05:00:35] EDIT Books_portal/views/default/index.html: 0
[2015-01-08 05:08:18] EDIT Books_portal/static/css/web2py.css: 0
[2015-01-08 05:13:29] EDIT Books_portal/views/default/index.html: 32
[2015-01-08 05:17:11] EDIT Books_portal/views/default/index.html: 4
[2015-01-08 05:18:28] EDIT Books_portal/views/default/index.html: 0
[2015-01-08 05:21:35] EDIT Books_portal/views/default/index.html: 0
[2015-01-08 05:23:13] EDIT Books_portal/views/default/index.html: -3
[2015-01-08 05:25:02] EDIT Books_portal/models/db_portal.py: 0
[2015-01-08 05:25:35] EDIT Books_portal/models/db_portal.py: 0
[2015-01-08 05:27:21] EDIT Books_portal/controllers/default.py: -14
[2015-01-08 05:28:40] EDIT Books_portal/controllers/default.py: 4
[2015-01-08 05:29:01] EDIT Books_portal/controllers/default.py: 0
[2015-01-08 05:29:47] EDIT Books_portal/controllers/default.py: -4
[2015-01-08 05:34:41] EDIT Books_portal/controllers/default.py: 3
[2015-01-08 05:37:10] CREATE default/issued.html: 0
[2015-01-08 05:44:21] EDIT Books_portal/views/default/issued.html: 20
[2015-01-08 05:45:08] EDIT Books_portal/views/default/issued.html: 0
[2015-01-08 05:55:08] EDIT Books_portal/views/default/issued.html: 0
[2015-01-08 05:56:48] EDIT Books_portal/controllers/default.py: 2
[2015-01-08 05:57:02] EDIT Books_portal/controllers/default.py: 1
[2015-01-08 05:57:13] EDIT Books_portal/controllers/default.py: 0
[2015-01-08 06:03:19] EDIT Books_portal/views/default/issued.html: 0
[2015-01-08 06:04:55] EDIT Books_portal/controllers/default.py: 1
[2015-01-08 06:06:13] EDIT Books_portal/views/default/issued.html: 1
[2015-01-08 06:06:52] EDIT Books_portal/views/default/issued.html: 0
[2015-01-08 06:29:38] EDIT Books_portal/controllers/default.py: 1
[2015-01-08 06:32:23] EDIT Books_portal/controllers/default.py: 0
[2015-01-08 06:34:25] EDIT Books_portal/views/default/issued.html: 0
[2015-01-08 06:36:52] EDIT Books_portal/views/default/issued.html: 0
[2015-01-08 06:39:06] EDIT Books_portal/views/default/issued.html: -1
[2015-01-08 08:45:33] EDIT Books_portal/static/css/bootstrap.min.css: 2299
[2015-01-08 08:57:31] EDIT Books_portal/static/css/bootstrap.min.css: 0
[2015-01-11 18:42:29] EDIT Books_portal/views/layout.html: 0
[2015-01-11 18:56:16] EDIT Books_portal/views/layout.html: 0
[2015-01-11 19:02:18] EDIT Books_portal/views/layout.html: 0
[2015-01-11 19:03:47] EDIT Books_portal/views/layout.html: 0
[2015-01-11 19:10:02] EDIT Books_portal/views/layout.html: 0
[2015-01-11 19:11:23] EDIT Books_portal/views/layout.html: 0
[2015-01-11 19:23:04] EDIT Books_portal/models/menu.py: 0
[2015-01-11 19:24:43] EDIT Books_portal/models/menu.py: 0
[2015-01-11 19:25:07] EDIT Books_portal/models/menu.py: 0
[2015-01-11 19:25:22] EDIT Books_portal/models/menu.py: 0
[2015-01-11 19:25:31] EDIT Books_portal/models/menu.py: 0
[2015-01-11 19:26:50] EDIT Books_portal/models/menu.py: 0
[2015-01-11 19:30:18] EDIT Books_portal/models/menu.py: -102
[2015-01-11 19:30:51] EDIT Books_portal/models/menu.py: -2
[2015-01-11 19:32:18] EDIT Books_portal/models/menu.py: 0
[2015-01-11 19:36:33] EDIT Books_portal/views/layout.html: 0
[2015-01-11 19:38:27] EDIT Books_portal/views/layout.html: 0
[2015-01-11 19:38:46] EDIT Books_portal/views/layout.html: 0
[2015-01-11 19:39:10] EDIT Books_portal/views/layout.html: 0
[2015-01-11 19:40:11] EDIT Books_portal/views/layout.html: 0
[2015-01-11 20:03:34] EDIT Books_portal/controllers/default.py: 0
[2015-01-11 20:04:31] EDIT Books_portal/controllers/default.py: 0
[2015-01-11 20:05:19] EDIT Books_portal/views/default/index.html: -4
[2015-01-11 20:08:47] EDIT Books_portal/models/menu.py: 1
[2015-01-11 20:08:56] EDIT Books_portal/models/menu.py: 0
[2015-01-11 20:09:15] EDIT Books_portal/models/menu.py: 0
[2015-01-11 20:09:55] EDIT Books_portal/models/menu.py: -1
[2015-01-11 20:10:42] EDIT Books_portal/models/menu.py: 1
[2015-01-11 20:11:15] EDIT Books_portal/models/menu.py: -1
[2015-01-11 20:11:41] EDIT Books_portal/models/menu.py: 1
[2015-01-11 20:13:23] EDIT Books_portal/models/menu.py: -1
[2015-01-11 20:15:10] EDIT Books_portal/models/menu.py: 2
[2015-01-11 20:18:02] EDIT Books_portal/models/menu.py: 0
[2015-01-11 20:22:25] EDIT Books_portal/models/menu.py: 1
[2015-01-11 20:22:36] EDIT Books_portal/models/menu.py: 0
[2015-01-11 20:32:46] CREATE default/home.html: 0
[2015-01-11 20:34:54] DELETE Books_portal/views/default/home.html: -3
[2015-01-11 20:35:11] EDIT Books_portal/models/menu.py: 0
[2015-01-11 20:39:42] CREATE default/search.html: 0
[2015-01-11 20:40:41] DELETE Books_portal/views/default/search.html: -3
[2015-01-11 20:41:01] CREATE default/home.html: 0
[2015-01-11 20:41:15] EDIT Books_portal/views/default/home.html: -1
[2015-01-11 20:42:50] EDIT Books_portal/views/default/home.html: 0
[2015-01-11 20:43:10] EDIT Books_portal/views/default/home.html: 0
[2015-01-11 20:51:10] EDIT Books_portal/models/menu.py: 1
